2016-12-28 13:45:39 - PHP Notice:  Undefined variable: store_email in /opt/lampp/htdocs/bannersexpofresh/catalog/view/theme/bannersexpo/template/common/header.tpl on line 87
2016-12-28 13:45:39 - PHP Notice:  Undefined variable: store_email in /opt/lampp/htdocs/bannersexpofresh/catalog/view/theme/bannersexpo/template/common/header.tpl on line 87
2016-12-28 13:45:58 - PHP Notice:  Undefined variable: store_email in /opt/lampp/htdocs/bannersexpofresh/catalog/view/theme/bannersexpo/template/common/header.tpl on line 87
2016-12-28 13:45:58 - PHP Notice:  Undefined variable: store_email in /opt/lampp/htdocs/bannersexpofresh/catalog/view/theme/bannersexpo/template/common/header.tpl on line 87
2016-12-28 13:45:58 - PHP Notice:  Undefined variable: store_email in /opt/lampp/htdocs/bannersexpofresh/catalog/view/theme/bannersexpo/template/common/header.tpl on line 112
2016-12-28 13:45:58 - PHP Notice:  Undefined variable: store_email in /opt/lampp/htdocs/bannersexpofresh/catalog/view/theme/bannersexpo/template/common/header.tpl on line 112
2017-01-02 10:38:59 - PHP Warning:  require_once(/opt/lampp/htdocs/bannersexpofresh/system/config/revslider/revslideropencart_loader.php): failed to open stream: No such file or directory in /opt/lampp/htdocs/bannersexpofresh/admin/controller/extension/module/revslideropencart.php on line 2
2017-01-02 11:50:54 - PHP Notice:  Undefined index: general in /opt/lampp/htdocs/bannersexpofresh/system/config/revslider/inc_php/framework/base_admin.class.php on line 560
2017-01-02 11:54:54 - PHP Notice:  Undefined index: general in /opt/lampp/htdocs/bannersexpofresh/system/config/revslider/inc_php/framework/base_admin.class.php on line 560
2017-01-03 6:30:52 - PHP Warning:  require(/opt/lampp/htdocs/bannersexpofresh/admin/language/en-gb/extension/module/advanced_newsletter.php): failed to open stream: Permission denied in /opt/lampp/htdocs/bannersexpofresh/system/library/language.php on line 49
2017-01-03 6:41:07 - PHP Notice:  Error: Could not load template /opt/lampp/htdocs/bannersexpofresh/admin/view/template/module/adv_newsletter_list.tpl! in /opt/lampp/htdocs/bannersexpofresh/system/storage/modification/system/library/template/php.php on line 23
2017-01-03 6:42:28 - PHP Notice:  Error: Could not load template /opt/lampp/htdocs/bannersexpofresh/admin/view/template/module/adv_newsletter_list.tpl! in /opt/lampp/htdocs/bannersexpofresh/system/storage/modification/system/library/template/php.php on line 23
2017-01-03 6:44:37 - PHP Notice:  Undefined index: status in /opt/lampp/htdocs/bannersexpofresh/admin/controller/extension/module/advanced_newsletter.php on line 176
2017-01-03 6:44:37 - PHP Warning:  Invalid argument supplied for foreach() in /opt/lampp/htdocs/bannersexpofresh/admin/controller/extension/module/advanced_newsletter.php on line 176
2017-01-03 7:01:02 - PHP Warning:  include_once(/opt/lampp/htdocs/bannersexpofresh/catalog/controller/extension/module/advanced_newsletter.php): failed to open stream: Permission denied in /opt/lampp/htdocs/bannersexpofresh/system/storage/modification/system/engine/action.php on line 41
2017-01-03 7:01:02 - PHP Warning:  include_once(): Failed opening '/opt/lampp/htdocs/bannersexpofresh/catalog/controller/extension/module/advanced_newsletter.php' for inclusion (include_path='.:/opt/lampp/lib/php') in /opt/lampp/htdocs/bannersexpofresh/system/storage/modification/system/engine/action.php on line 41
2017-01-03 7:43:30 - PHP Warning:  Invalid argument supplied for foreach() in /opt/lampp/htdocs/bannersexpofresh/system/library/mail.php on line 21
2017-01-03 8:00:34 - PHP Notice:  Undefined property: Template\PHP::$session in /opt/lampp/htdocs/bannersexpofresh/catalog/view/theme/bannersexpo/template/common/home.tpl on line 3
2017-01-03 8:00:34 - PHP Notice:  Trying to get property of non-object in /opt/lampp/htdocs/bannersexpofresh/catalog/view/theme/bannersexpo/template/common/home.tpl on line 3
2017-01-03 8:01:03 - PHP Notice:  Undefined property: Template\PHP::$session in /opt/lampp/htdocs/bannersexpofresh/catalog/view/theme/bannersexpo/template/common/home.tpl on line 3
2017-01-03 8:01:03 - PHP Notice:  Trying to get property of non-object in /opt/lampp/htdocs/bannersexpofresh/catalog/view/theme/bannersexpo/template/common/home.tpl on line 3
2017-01-03 8:05:34 - PHP Notice:  Undefined property: Template\PHP::$session in /opt/lampp/htdocs/bannersexpofresh/catalog/view/theme/bannersexpo/template/common/home.tpl on line 3
2017-01-03 8:05:34 - PHP Notice:  Trying to get property of non-object in /opt/lampp/htdocs/bannersexpofresh/catalog/view/theme/bannersexpo/template/common/home.tpl on line 3
2017-01-03 10:36:32 - PHP Notice:  Undefined variable: setting in /opt/lampp/htdocs/bannersexpofresh/catalog/controller/common/home.php on line 54
2017-01-03 10:36:32 - PHP Notice:  Undefined variable: setting in /opt/lampp/htdocs/bannersexpofresh/catalog/controller/common/home.php on line 54
2017-01-03 10:36:32 - PHP Notice:  Undefined variable: setting in /opt/lampp/htdocs/bannersexpofresh/catalog/controller/common/home.php on line 54
2017-01-03 10:36:32 - PHP Notice:  Undefined variable: setting in /opt/lampp/htdocs/bannersexpofresh/catalog/controller/common/home.php on line 54
2017-01-03 11:02:36 - PHP Notice:  Undefined variable: userrates in /opt/lampp/htdocs/bannersexpofresh/catalog/controller/common/home.php on line 61
2017-01-03 13:53:13 - PHP Notice:  Undefined variable: shopping_cart in /opt/lampp/htdocs/bannersexpofresh/catalog/view/theme/bannersexpo/template/common/cart.tpl on line 2
2017-01-03 13:53:13 - PHP Notice:  Undefined variable: total_items in /opt/lampp/htdocs/bannersexpofresh/catalog/view/theme/bannersexpo/template/common/cart.tpl on line 3
2017-01-03 13:53:13 - PHP Notice:  Undefined variable: total_amount in /opt/lampp/htdocs/bannersexpofresh/catalog/view/theme/bannersexpo/template/common/cart.tpl on line 4
2017-01-03 14:08:26 - PHP Notice:  Undefined variable: telephone in /opt/lampp/htdocs/bannersexpofresh/vqmod/vqcache/vq2-catalog_view_theme_bannersexpo_template_common_footer.tpl on line 63
2017-01-03 14:11:25 - PHP Notice:  Use of undefined constant store_address - assumed 'store_address' in /opt/lampp/htdocs/bannersexpofresh/vqmod/vqcache/vq2-catalog_view_theme_bannersexpo_template_common_footer.tpl on line 61
2017-01-04 13:19:44 - PHP Notice:  Undefined variable: filter_data in /opt/lampp/htdocs/bannersexpofresh/system/storage/modification/catalog/controller/common/header.php on line 188
2017-01-04 13:21:10 - PHP Notice:  Undefined variable: filter_data in /opt/lampp/htdocs/bannersexpofresh/system/storage/modification/catalog/controller/common/header.php on line 188
2017-01-04 13:21:41 - PHP Notice:  Undefined variable: filter_data in /opt/lampp/htdocs/bannersexpofresh/system/storage/modification/catalog/controller/common/header.php on line 188
2017-01-04 13:24:01 - PHP Notice:  Undefined index: path in /opt/lampp/htdocs/bannersexpofresh/system/storage/modification/catalog/controller/common/header.php on line 198
2017-01-04 13:24:01 - PHP Notice:  Undefined index: path in /opt/lampp/htdocs/bannersexpofresh/system/storage/modification/catalog/controller/common/header.php on line 198
2017-01-04 13:24:01 - PHP Notice:  Undefined index: path in /opt/lampp/htdocs/bannersexpofresh/system/storage/modification/catalog/controller/common/header.php on line 198
2017-01-04 13:24:01 - PHP Notice:  Undefined index: path in /opt/lampp/htdocs/bannersexpofresh/system/storage/modification/catalog/controller/common/header.php on line 198
2017-01-04 13:24:01 - PHP Notice:  Undefined index: path in /opt/lampp/htdocs/bannersexpofresh/system/storage/modification/catalog/controller/common/header.php on line 198
2017-01-04 13:24:01 - PHP Notice:  Undefined index: path in /opt/lampp/htdocs/bannersexpofresh/system/storage/modification/catalog/controller/common/header.php on line 198
2017-01-04 13:24:40 - PHP Notice:  Undefined index: path in /opt/lampp/htdocs/bannersexpofresh/system/storage/modification/catalog/controller/common/header.php on line 198
2017-01-04 13:24:40 - PHP Notice:  Undefined index: path in /opt/lampp/htdocs/bannersexpofresh/system/storage/modification/catalog/controller/common/header.php on line 198
2017-01-04 13:24:40 - PHP Notice:  Undefined index: path in /opt/lampp/htdocs/bannersexpofresh/system/storage/modification/catalog/controller/common/header.php on line 198
2017-01-04 13:24:40 - PHP Notice:  Undefined index: path in /opt/lampp/htdocs/bannersexpofresh/system/storage/modification/catalog/controller/common/header.php on line 198
2017-01-04 13:24:40 - PHP Notice:  Undefined index: path in /opt/lampp/htdocs/bannersexpofresh/system/storage/modification/catalog/controller/common/header.php on line 198
2017-01-04 13:24:40 - PHP Notice:  Undefined index: path in /opt/lampp/htdocs/bannersexpofresh/system/storage/modification/catalog/controller/common/header.php on line 198
